2025-01-10 19:30:40.975093: I tensorflow/core/util/port.cc:153] oneDNN custom operations are on. You may see slightly different numerical results due to floating-point round-off errors from different computation orders. To turn them off, set the environment variable `TF_ENABLE_ONEDNN_OPTS=0`.
2025-01-10 19:30:42.109905: I tensorflow/core/util/port.cc:153] oneDNN custom operations are on. You may see slightly different numerical results due to floating-point round-off errors from different computation orders. To turn them off, set the environment variable `TF_ENABLE_ONEDNN_OPTS=0`.
[93mWARNING [0m:   DEPRECATED FEATURE: flwr.server.start_server() is deprecated.
	Instead, use the `flower-superlink` CLI command to start a SuperLink as shown below:

		$ flower-superlink --insecure

	To view usage and all available options, run:

		$ flower-superlink --help

	Using `start_server()` is deprecated.

            This is a deprecated feature. It will be removed
            entirely in future versions of Flower.
        
2025-01-10 19:30:45,609 - DEPRECATED FEATURE: flwr.server.start_server() is deprecated.
	Instead, use the `flower-superlink` CLI command to start a SuperLink as shown below:

		$ flower-superlink --insecure

	To view usage and all available options, run:

		$ flower-superlink --help

	Using `start_server()` is deprecated.

            This is a deprecated feature. It will be removed
            entirely in future versions of Flower.
        
[92mINFO [0m:      Starting Flower server, config: num_rounds=3, no round_timeout
2025-01-10 19:30:45,615 - Starting Flower server, config: num_rounds=3, no round_timeout
[92mINFO [0m:      Flower ECE: gRPC server running (3 rounds), SSL is disabled
2025-01-10 19:30:45,623 - Flower ECE: gRPC server running (3 rounds), SSL is disabled
[92mINFO [0m:      [INIT]
2025-01-10 19:30:45,623 - [INIT]
[92mINFO [0m:      Requesting initial parameters from one random client
2025-01-10 19:30:45,623 - Requesting initial parameters from one random client
Traceback (most recent call last):
  File "D:\BE Project\application\fl-app\server.py", line 27, in <module>
    start_server()
  File "D:\BE Project\application\fl-app\server.py", line 20, in start_server
    fl.server.start_server(
  File "C:\Users\rites\anaconda3\Lib\site-packages\flwr\server\app.py", line 230, in start_server
    hist = run_fl(
           ^^^^^^^
  File "C:\Users\rites\anaconda3\Lib\site-packages\flwr\server\server.py", line 492, in run_fl
    hist, elapsed_time = server.fit(
                         ^^^^^^^^^^^
  File "C:\Users\rites\anaconda3\Lib\site-packages\flwr\server\server.py", line 93, in fit
    self.parameters = self._get_initial_parameters(server_round=0, timeout=timeout)
                      ^^^^^^^^^^^^^^^^^^^^^^^^^^^^^^^^^^^^^^^^^^^^^^^^^^^^^^^^^^^^^
  File "C:\Users\rites\anaconda3\Lib\site-packages\flwr\server\server.py", line 284, in _get_initial_parameters
    get_parameters_res = random_client.get_parameters(
                         ^^^^^^^^^^^^^^^^^^^^^^^^^^^^^
  File "C:\Users\rites\anaconda3\Lib\site-packages\flwr\server\superlink\fleet\grpc_bidi\grpc_client_proxy.py", line 73, in get_parameters
    res_wrapper: ResWrapper = self.bridge.request(
                              ^^^^^^^^^^^^^^^^^^^^
  File "C:\Users\rites\anaconda3\Lib\site-packages\flwr\server\superlink\fleet\grpc_bidi\grpc_bridge.py", line 147, in request
    self._raise_if_closed()
  File "C:\Users\rites\anaconda3\Lib\site-packages\flwr\server\superlink\fleet\grpc_bidi\grpc_bridge.py", line 82, in _raise_if_closed
    raise GrpcBridgeClosed()
flwr.server.superlink.fleet.grpc_bidi.grpc_bridge.GrpcBridgeClosed
2025-01-10 19:53:58,647 - Exception iterating responses: 
Traceback (most recent call last):
  File "C:\Users\rites\anaconda3\Lib\site-packages\grpc\_server.py", line 653, in _take_response_from_response_iterator
    return next(response_iterator), True
           ^^^^^^^^^^^^^^^^^^^^^^^
  File "C:\Users\rites\anaconda3\Lib\site-packages\flwr\server\superlink\fleet\grpc_bidi\flower_service_servicer.py", line 119, in Join
    ins_wrapper: InsWrapper = next(ins_wrapper_iterator)
                              ^^^^^^^^^^^^^^^^^^^^^^^^^^
  File "C:\Users\rites\anaconda3\Lib\site-packages\flwr\server\superlink\fleet\grpc_bidi\grpc_bridge.py", line 166, in ins_wrapper_iterator
    self._raise_if_closed()
  File "C:\Users\rites\anaconda3\Lib\site-packages\flwr\server\superlink\fleet\grpc_bidi\grpc_bridge.py", line 82, in _raise_if_closed
    raise GrpcBridgeClosed()
flwr.server.superlink.fleet.grpc_bidi.grpc_bridge.GrpcBridgeClosed
Exception ignored in: <module 'threading' from 'C:\\Users\\rites\\anaconda3\\Lib\\threading.py'>
Traceback (most recent call last):
  File "C:\Users\rites\anaconda3\Lib\threading.py", line 1594, in _shutdown
    atexit_call()
  File "C:\Users\rites\anaconda3\Lib\concurrent\futures\thread.py", line 31, in _python_exit
    t.join()
  File "C:\Users\rites\anaconda3\Lib\threading.py", line 1149, in join
    self._wait_for_tstate_lock()
  File "C:\Users\rites\anaconda3\Lib\threading.py", line 1169, in _wait_for_tstate_lock
    if lock.acquire(block, timeout):
       ^^^^^^^^^^^^^^^^^^^^^^^^^^^^
KeyboardInterrupt: 
